0 info it worked if it ends with ok
1 verbose cli [ 'node', '/usr/local/bin/npm', 'publish' ]
2 info using npm@1.1.59
3 info using node@v0.8.8
4 verbose publish [ '.' ]
5 verbose read json /Users/david/prj/is-utf8/package.json
6 verbose cache add [ '.', null ]
7 silly cache add name=undefined spec="." args=[".",null]
8 verbose parsed url { pathname: '.', path: '.', href: '.' }
9 silly lockFile 3a52ce78- .
10 verbose lock . /Users/david/.npm/3a52ce78-.lock
11 verbose read json package.json
12 verbose tar pack [ '/var/folders/5v/kv0gzbc90w38ltvn07dw_lp40000gn/T/npm-3014/1347443181738-0.8459997563622892/tmp.tgz',
12 verbose tar pack   '.' ]
13 verbose tarball /var/folders/5v/kv0gzbc90w38ltvn07dw_lp40000gn/T/npm-3014/1347443181738-0.8459997563622892/tmp.tgz
14 verbose folder .
15 info prepublish is-utf8@0.1.0
16 silly lockFile b30fda48-81738-0-8459997563622892-tmp-tgz /var/folders/5v/kv0gzbc90w38ltvn07dw_lp40000gn/T/npm-3014/1347443181738-0.8459997563622892/tmp.tgz
17 verbose lock /var/folders/5v/kv0gzbc90w38ltvn07dw_lp40000gn/T/npm-3014/1347443181738-0.8459997563622892/tmp.tgz /Users/david/.npm/b30fda48-81738-0-8459997563622892-tmp-tgz.lock
18 silly lockFile b30fda48-81738-0-8459997563622892-tmp-tgz /var/folders/5v/kv0gzbc90w38ltvn07dw_lp40000gn/T/npm-3014/1347443181738-0.8459997563622892/tmp.tgz
19 verbose tar unpack /var/folders/5v/kv0gzbc90w38ltvn07dw_lp40000gn/T/npm-3014/1347443181738-0.8459997563622892/tmp.tgz
20 silly lockFile 21f01ba6-81738-0-8459997563622892-package /var/folders/5v/kv0gzbc90w38ltvn07dw_lp40000gn/T/npm-3014/1347443181738-0.8459997563622892/package
21 verbose lock /var/folders/5v/kv0gzbc90w38ltvn07dw_lp40000gn/T/npm-3014/1347443181738-0.8459997563622892/package /Users/david/.npm/21f01ba6-81738-0-8459997563622892-package.lock
22 silly gunzTarPerm modes [ '777', '666' ]
23 silly gunzTarPerm extractEntry package.json
24 silly gunzTarPerm modified mode [ 'package.json', 420, 438 ]
25 silly gunzTarPerm extractEntry README.md
26 silly gunzTarPerm modified mode [ 'README.md', 420, 438 ]
27 silly gunzTarPerm extractEntry is-utf8.js
28 silly gunzTarPerm modified mode [ 'is-utf8.js', 420, 438 ]
29 silly gunzTarPerm extractEntry test.js
30 silly gunzTarPerm modified mode [ 'test.js', 420, 438 ]
31 silly gunzTarPerm extractEntry ansi.txt
32 silly gunzTarPerm modified mode [ 'ansi.txt', 493, 511 ]
33 silly gunzTarPerm extractEntry utf8.txt
34 silly gunzTarPerm modified mode [ 'utf8.txt', 493, 511 ]
35 verbose read json /var/folders/5v/kv0gzbc90w38ltvn07dw_lp40000gn/T/npm-3014/1347443181738-0.8459997563622892/package/package.json
36 silly lockFile 21f01ba6-81738-0-8459997563622892-package /var/folders/5v/kv0gzbc90w38ltvn07dw_lp40000gn/T/npm-3014/1347443181738-0.8459997563622892/package
37 verbose from cache /var/folders/5v/kv0gzbc90w38ltvn07dw_lp40000gn/T/npm-3014/1347443181738-0.8459997563622892/package/package.json
38 verbose tar pack [ '/Users/david/.npm/is-utf8/0.1.0/package.tgz',
38 verbose tar pack   '/var/folders/5v/kv0gzbc90w38ltvn07dw_lp40000gn/T/npm-3014/1347443181738-0.8459997563622892/package' ]
39 verbose tarball /Users/david/.npm/is-utf8/0.1.0/package.tgz
40 verbose folder /var/folders/5v/kv0gzbc90w38ltvn07dw_lp40000gn/T/npm-3014/1347443181738-0.8459997563622892/package
41 silly lockFile 0b651bca-id-npm-is-utf8-0-1-0-package-tgz /Users/david/.npm/is-utf8/0.1.0/package.tgz
42 verbose lock /Users/david/.npm/is-utf8/0.1.0/package.tgz /Users/david/.npm/0b651bca-id-npm-is-utf8-0-1-0-package-tgz.lock
43 silly lockFile 0b651bca-id-npm-is-utf8-0-1-0-package-tgz /Users/david/.npm/is-utf8/0.1.0/package.tgz
44 silly lockFile 8b1024f8--david-npm-is-utf8-0-1-0-package /Users/david/.npm/is-utf8/0.1.0/package
45 verbose lock /Users/david/.npm/is-utf8/0.1.0/package /Users/david/.npm/8b1024f8--david-npm-is-utf8-0-1-0-package.lock
46 silly lockFile 8b1024f8--david-npm-is-utf8-0-1-0-package /Users/david/.npm/is-utf8/0.1.0/package
47 verbose tar unpack /Users/david/.npm/is-utf8/0.1.0/package.tgz
48 silly lockFile 8b1024f8--david-npm-is-utf8-0-1-0-package /Users/david/.npm/is-utf8/0.1.0/package
49 verbose lock /Users/david/.npm/is-utf8/0.1.0/package /Users/david/.npm/8b1024f8--david-npm-is-utf8-0-1-0-package.lock
50 silly gunzTarPerm modes [ '777', '666' ]
51 silly gunzTarPerm extractEntry package.json
52 silly gunzTarPerm extractEntry README.md
53 silly gunzTarPerm extractEntry is-utf8.js
54 silly gunzTarPerm extractEntry test.js
55 silly gunzTarPerm extractEntry ansi.txt
56 silly gunzTarPerm extractEntry utf8.txt
57 verbose read json /Users/david/.npm/is-utf8/0.1.0/package/package.json
58 silly lockFile 8b1024f8--david-npm-is-utf8-0-1-0-package /Users/david/.npm/is-utf8/0.1.0/package
59 silly shasum updated bytes 1793
60 info shasum 08c9a538776a73423f8acce1af20a3668ec56bb2
60 info shasum /Users/david/.npm/is-utf8/0.1.0/package.tgz
61 verbose from cache /Users/david/.npm/is-utf8/0.1.0/package/package.json
62 verbose chmod /Users/david/.npm/is-utf8/0.1.0/package.tgz 666
63 verbose chown /Users/david/.npm/is-utf8/0.1.0/package.tgz [ 501, 20 ]
64 silly lockFile 3a52ce78- .
65 silly publish { name: 'is-utf8',
65 silly publish   version: '0.1.0',
65 silly publish   description: 'detect if a buffer is utf8 encoded.',
65 silly publish   main: 'is-utf8.js',
65 silly publish   scripts: { test: 'node test.js' },
65 silly publish   repository: { type: 'git', url: 'https://github.com/wayfind/is-utf8.git' },
65 silly publish   keywords: [ 'utf8', 'charset' ],
65 silly publish   author: { name: 'wayfind' },
65 silly publish   license: 'BSD',
65 silly publish   readme: '#utf8 detector\n\nDetect if a Buffer is utf8 encoded\n\n    var fs = require(\'fs\');\n    var isUtf8 = require(\'is-utf8\');\n    var ansi = fs.readFileSync(\'ansi.txt\');\n    var utf8 = fs.readFileSync(\'utf8.txt\');\n    \n    console.log(\'ansi.txt is utf8: \'+isUtf8(ansi));\n    console.log(\'utf8.txt is utf8: \'+isUtf8(utf8));\n    \n',
65 silly publish   _id: 'is-utf8@0.1.0',
65 silly publish   dist: { shasum: '08c9a538776a73423f8acce1af20a3668ec56bb2' } }
66 verbose url raw is-utf8
67 verbose url resolving [ 'https://registry.npmjs.org/', './is-utf8' ]
68 verbose url resolved https://registry.npmjs.org/is-utf8
69 info retry registry request attempt 1 at 17:46:21
70 http PUT https://registry.npmjs.org/is-utf8
71 http 409 https://registry.npmjs.org/is-utf8
72 verbose url raw is-utf8
73 verbose url resolving [ 'https://registry.npmjs.org/', './is-utf8' ]
74 verbose url resolved https://registry.npmjs.org/is-utf8
75 info retry registry request attempt 1 at 17:46:29
76 http GET https://registry.npmjs.org/is-utf8
77 http 200 https://registry.npmjs.org/is-utf8
78 error publish fail Cannot publish over existing version.
78 error publish fail Bump the 'version' field, set the --force flag, or
78 error publish fail     npm unpublish 'is-utf8@0.1.0'
78 error publish fail and try again
79 error System Darwin 12.1.0
80 error command "node" "/usr/local/bin/npm" "publish"
81 error cwd /Users/david/prj/is-utf8
82 error node -v v0.8.8
83 error npm -v 1.1.59
84 error code EPUBLISHCONFLICT
85 verbose exit [ 1, true ]
